[INFO] Scanning for projects...
[INFO] 
[INFO] ---------------------< com.stocks:stock-analytics >---------------------
[INFO] Building stock-analytics 1.0.0
[INFO]   from pom.xml
[INFO] --------------------------------[ jar ]---------------------------------
[INFO] 
[INFO] >>> spring-boot:3.2.0:run (default-cli) > test-compile @ stock-analytics >>>
[INFO] 
[INFO] --- resources:3.3.1:resources (default-resources) @ stock-analytics ---
[INFO] Copying 1 resource from src/main/resources to target/classes
[INFO] Copying 0 resource from src/main/resources to target/classes
[INFO] 
[INFO] --- compiler:3.11.0:compile (default-compile) @ stock-analytics ---
[INFO] Nothing to compile - all classes are up to date
[INFO] 
[INFO] --- resources:3.3.1:testResources (default-testResources) @ stock-analytics ---
[INFO] skip non existing resourceDirectory /Users/neelu/stock-analytics/src/test/resources
[INFO] 
[INFO] --- compiler:3.11.0:testCompile (default-testCompile) @ stock-analytics ---
[INFO] No sources to compile
[INFO] 
[INFO] <<< spring-boot:3.2.0:run (default-cli) < test-compile @ stock-analytics <<<
[INFO] 
[INFO] 
[INFO] --- spring-boot:3.2.0:run (default-cli) @ stock-analytics ---
[INFO] Attaching agents: []

  .   ____          _            __ _ _
 /\\ / ___'_ __ _ _(_)_ __  __ _ \ \ \ \
( ( )\___ | '_ | '_| | '_ \/ _` | \ \ \ \
 \\/  ___)| |_)| | | | | || (_| |  ) ) ) )
  '  |____| .__|_| |_|_| |_\__, | / / / /
 =========|_|==============|___/=/_/_/_/
 :: Spring Boot ::                (v3.2.0)

2026-04-20T12:40:26.312+05:30  INFO 213 --- [stock-analytics] [           main] com.stocks.StockAnalyticsApplication     : Starting StockAnalyticsApplication using Java 25.0.2 with PID 213 (/Users/neelu/stock-analytics/target/classes started by neelu in /Users/neelu/stock-analytics)
2026-04-20T12:40:26.313+05:30  INFO 213 --- [stock-analytics] [           main] com.stocks.StockAnalyticsApplication     : No active profile set, falling back to 1 default profile: "default"
WARNING: A restricted method in java.lang.System has been called
WARNING: java.lang.System::load has been called by org.apache.tomcat.jni.Library in an unnamed module (file:/Users/neelu/.m2/repository/org/apache/tomcat/embed/tomcat-embed-core/10.1.16/tomcat-embed-core-10.1.16.jar)
WARNING: Use --enable-native-access=ALL-UNNAMED to avoid a warning for callers in this module
WARNING: Restricted methods will be blocked in a future release unless native access is enabled

2026-04-20T12:40:26.635+05:30  INFO 213 --- [stock-analytics] [           main] o.s.b.w.embedded.tomcat.TomcatWebServer  : Tomcat initialized with port 8070 (http)
2026-04-20T12:40:26.638+05:30  INFO 213 --- [stock-analytics] [           main] o.apache.catalina.core.StandardService   : Starting service [Tomcat]
2026-04-20T12:40:26.638+05:30  INFO 213 --- [stock-analytics] [           main] o.apache.catalina.core.StandardEngine    : Starting Servlet engine: [Apache Tomcat/10.1.16]
2026-04-20T12:40:26.656+05:30  INFO 213 --- [stock-analytics] [           main] o.a.c.c.C.[Tomcat].[localhost].[/]       : Initializing Spring embedded WebApplicationContext
2026-04-20T12:40:26.656+05:30  INFO 213 --- [stock-analytics] [           main] w.s.c.ServletWebServerApplicationContext : Root WebApplicationContext: initialization completed in 328 ms
2026-04-20T12:40:26.792+05:30  INFO 213 --- [stock-analytics] [           main] o.s.b.a.w.s.WelcomePageHandlerMapping    : Adding welcome page: class path resource [static/index.html]
2026-04-20T12:40:26.885+05:30  INFO 213 --- [stock-analytics] [           main] o.s.b.a.e.web.EndpointLinksResolver      : Exposing 2 endpoint(s) beneath base path '/actuator'
2026-04-20T12:40:26.906+05:30  WARN 213 --- [stock-analytics] [           main] ConfigServletWebServerApplicationContext : Exception encountered during context initialization - cancelling refresh attempt: org.springframework.context.ApplicationContextException: Failed to start bean 'webServerStartStop'
2026-04-20T12:40:26.912+05:30  INFO 213 --- [stock-analytics] [           main] .s.b.a.l.ConditionEvaluationReportLogger : 

Error starting ApplicationContext. To display the condition evaluation report re-run your application with 'debug' enabled.
2026-04-20T12:40:26.916+05:30 ERROR 213 --- [stock-analytics] [           main] o.s.b.d.LoggingFailureAnalysisReporter   : 

***************************
APPLICATION FAILED TO START
***************************

Description:

Web server failed to start. Port 8070 was already in use.

Action:

Identify and stop the process that's listening on port 8070 or configure this application to listen on another port.

[INFO] ------------------------------------------------------------------------
[INFO] BUILD FAILURE
[INFO] ------------------------------------------------------------------------
[INFO] Total time:  1.312 s
[INFO] Finished at: 2026-04-20T12:40:26+05:30
[INFO] ------------------------------------------------------------------------
[ERROR] Failed to execute goal org.springframework.boot:spring-boot-maven-plugin:3.2.0:run (default-cli) on project stock-analytics: Process terminated with exit code: 1 -> [Help 1]
[ERROR] 
[ERROR] To see the full stack trace of the errors, re-run Maven with the -e switch.
[ERROR] Re-run Maven using the -X switch to enable full debug logging.
[ERROR] 
[ERROR] For more information about the errors and possible solutions, please read the following articles:
[ERROR] [Help 1] http://cwiki.apache.org/confluence/display/MAVEN/MojoExecutionException
